<?xml version="1.0" encoding="UTF-8"?>
<testng-results skipped="0" failed="0" ignored="0" total="2" passed="2">
  <reporter-output>
  </reporter-output>
  <suite name="Suite" duration-ms="143" started-at="2020-08-19T15:51:41 IST" finished-at="2020-08-19T15:51:41 IST">
    <groups>
    </groups>
    <test name="Test" duration-ms="143" started-at="2020-08-19T15:51:41 IST" finished-at="2020-08-19T15:51:41 IST">
      <class name="Framework.project.Day1">
        <test-method status="PASS" signature="loanssignin()[pri:0, instance:Framework.project.Day1@25bbe1b6]" name="loanssignin" duration-ms="7" started-at="2020-08-19T15:51:41 IST" finished-at="2020-08-19T15:51:41 IST">
          <reporter-output>
          </reporter-output>
        </test-method> <!-- loanssignin -->
        <test-method status="PASS" signature="loanssignup()[pri:0, instance:Framework.project.Day1@25bbe1b6]" name="loanssignup" duration-ms="0" started-at="2020-08-19T15:51:41 IST" finished-at="2020-08-19T15:51:41 IST">
          <reporter-output>
          </reporter-output>
        </test-method> <!-- loanssignup -->
      </class> <!-- Framework.project.Day1 -->
    </test> <!-- Test -->
  </suite> <!-- Suite -->
</testng-results>
