<?xml version="1.0" encoding="UTF-8"?>
<testng-results skipped="0" failed="0" ignored="0" total="2" passed="2">
  <reporter-output>
  </reporter-output>
  <suite name="Suite" duration-ms="124" started-at="2020-08-19T12:11:28 IST" finished-at="2020-08-19T12:11:28 IST">
    <groups>
    </groups>
    <test name="Test" duration-ms="124" started-at="2020-08-19T12:11:28 IST" finished-at="2020-08-19T12:11:28 IST">
      <class name="Framework.project.Day1">
        <test-method status="PASS" signature="loanssignin()[pri:0, instance:Framework.project.Day1@79be0360]" name="loanssignin" duration-ms="35" started-at="2020-08-19T12:11:28 IST" finished-at="2020-08-19T12:11:28 IST">
          <reporter-output>
          </reporter-output>
        </test-method> <!-- loanssignin -->
        <test-method status="PASS" signature="loanssignup()[pri:0, instance:Framework.project.Day1@79be0360]" name="loanssignup" duration-ms="6" started-at="2020-08-19T12:11:28 IST" finished-at="2020-08-19T12:11:28 IST">
          <reporter-output>
          </reporter-output>
        </test-method> <!-- loanssignup -->
      </class> <!-- Framework.project.Day1 -->
    </test> <!-- Test -->
  </suite> <!-- Suite -->
</testng-results>
